  [4;36;1mSQL (27.0ms)[0m   [0;1mSET NAMES 'utf8'[0m
  [4;35;1mSQL (18.0ms)[0m   [0mSET SQL_AUTO_IS_NULL=0[0m
  [4;36;1mSQL (34.0ms)[0m   [0;1mSHOW TABLES[0m
  [4;35;1mSQL (1.0ms)[0m   [0mSHOW TABLES[0m
  [4;36;1mSQL (92.0ms)[0m   [0;1mSELECT version FROM schema_migrations[0m
  [4;35;1mSQL (1.0ms)[0m   [0mSHOW TABLES[0m
** TwitterAuth initialized properly.
** TwitterAuth initialized properly.
** TwitterAuth initialized properly.
** TwitterAuth initialized properly.
** TwitterAuth initialized properly.
  [4;36;1mSQL (26.0ms)[0m   [0;1mSET NAMES 'utf8'[0m
  [4;35;1mSQL (9.0ms)[0m   [0mSET SQL_AUTO_IS_NULL=0[0m


Processing Rails::InfoController#properties (for 127.0.0.1 at 2011-01-30 15:36:47) [GET]
  [4;36;1mSQL (39.0ms)[0m   [0;1mSHOW TABLES[0m
  [4;35;1mSQL (105.0ms)[0m   [0mSELECT version FROM schema_migrations[0m
Completed in 342ms (View: 23, DB: 179) | 200 OK [http://localhost/rails/info/properties]
** TwitterAuth initialized properly.
  [4;36;1mSQL (0.0ms)[0m   [0;1mSET NAMES 'utf8'[0m
  [4;35;1mSQL (1.0ms)[0m   [0mSET SQL_AUTO_IS_NULL=0[0m
  [4;36;1mSQL (10.0ms)[0m   [0;1mSHOW TABLES[0m
  [4;35;1mSQL (0.0ms)[0m   [0mSELECT version FROM schema_migrations[0m
  [4;36;1mSQL (0.0ms)[0m   [0;1mSHOW TABLES[0m
  [4;35;1mSQL (0.0ms)[0m   [0mSELECT version FROM schema_migrations[0m
Migrating to TwitterAuthMigration (20110130182404)
  [4;36;1mSQL (273.0ms)[0m   [0;1mCREATE TABLE `users` (`id` int(11) DEFAULT NULL auto_increment PRIMARY KEY, `twitter_id` varchar(255), `login` varchar(255), `access_token` varchar(255), `access_secret` varchar(255), `remember_token` varchar(255), `remember_token_expires_at` datetime, `name` varchar(255), `location` varchar(255), `description` varchar(255), `profile_image_url` varchar(255), `url` varchar(255), `protected` tinyint(1), `profile_background_color` varchar(255), `profile_sidebar_fill_color` varchar(255), `profile_link_color` varchar(255), `profile_sidebar_border_color` varchar(255), `profile_text_color` varchar(255), `profile_background_image_url` varchar(255), `profile_background_tile` tinyint(1), `friends_count` int(11), `statuses_count` int(11), `followers_count` int(11), `favourites_count` int(11), `utc_offset` int(11), `time_zone` varchar(255), `created_at` datetime, `updated_at` datetime) ENGINE=InnoDB[0m
  [4;35;1mSQL (32.0ms)[0m   [0mINSERT INTO schema_migrations (version) VALUES ('20110130182404')[0m
  [4;36;1mSQL (1.0ms)[0m   [0;1mSHOW TABLES[0m
  [4;35;1mSQL (0.0ms)[0m   [0mSELECT version FROM schema_migrations[0m
  [4;36;1mSQL (1.0ms)[0m   [0;1mSHOW TABLES[0m
  [4;35;1mSQL (61.0ms)[0m   [0mSHOW FIELDS FROM `users`[0m
  [4;36;1mSQL (18.0ms)[0m   [0;1mdescribe `users`[0m
  [4;35;1mSQL (9.0ms)[0m   [0mSHOW KEYS FROM `users`[0m
** TwitterAuth initialized properly.
  [4;36;1mSQL (0.0ms)[0m   [0;1mSET NAMES 'utf8'[0m
  [4;35;1mSQL (1.0ms)[0m   [0mSET SQL_AUTO_IS_NULL=0[0m


Processing Rails::InfoController#properties (for 127.0.0.1 at 2011-01-30 15:37:41) [GET]
  [4;36;1mSQL (1.0ms)[0m   [0;1mSHOW TABLES[0m
  [4;35;1mSQL (0.0ms)[0m   [0mSELECT version FROM schema_migrations[0m
Completed in 105ms (View: 18, DB: 2) | 200 OK [http://localhost/rails/info/properties]
  [4;36;1mSQL (0.0ms)[0m   [0;1mSET NAMES 'utf8'[0m
  [4;35;1mSQL (1.0ms)[0m   [0mSET SQL_AUTO_IS_NULL=0[0m


Processing SessionsController#new (for 127.0.0.1 at 2011-01-30 15:37:46) [GET]
Redirected to https://twitter.com/oauth/authenticate?oauth_token=SBe8qjbtEoDrxdnmZvU77PWonNEHfJgPj1OQeTw3c&oauth_callback=http%3A%2F%2F127.0.0.1%3A3000%2Foauth_callback
Completed in 6267ms (DB: 1) | 302 Found [http://localhost/login]
  [4;36;1mSQL (0.0ms)[0m   [0;1mSET NAMES 'utf8'[0m
  [4;35;1mSQL (0.0ms)[0m   [0mSET SQL_AUTO_IS_NULL=0[0m


Processing SessionsController#oauth_callback (for 127.0.0.1 at 2011-01-30 15:38:07) [GET]
  Parameters: {"oauth_token"=>"SBe8qjbtEoDrxdnmZvU77PWonNEHfJgPj1OQeTw3c", "oauth_verifier"=>"dQwosNh81dCE9wkvm8AC1hAtv8Df6O6MIy31Lrj0So"}
  [4;36;1mUser Columns (25.0ms)[0m   [0;1mSHOW FIELDS FROM `users`[0m
  [4;35;1mUser Load (35.0ms)[0m   [0mSELECT * FROM `users` WHERE (`users`.`twitter_id` = '207776010') LIMIT 1[0m
  [4;36;1mSQL (0.0ms)[0m   [0;1mBEGIN[0m
  [4;35;1mTwitterAuth::GenericUser Columns (5.0ms)[0m   [0mSHOW FIELDS FROM `users`[0m
  [4;36;1mTwitterAuth::GenericUser Load (15.0ms)[0m   [0;1mSELECT `users`.id FROM `users` WHERE (LOWER(`users`.`login`) = BINARY 'arakarv') LIMIT 1[0m
  [4;35;1mTwitterAuth::GenericUser Load (0.0ms)[0m   [0mSELECT `users`.id FROM `users` WHERE (`users`.`twitter_id` = BINARY '207776010') LIMIT 1[0m
  [4;36;1mUser Create (10.0ms)[0m   [0;1mINSERT INTO `users` (`name`, `profile_sidebar_fill_color`, `updated_at`, `profile_link_color`, `profile_sidebar_border_color`, `profile_background_tile`, `access_secret`, `remember_token_expires_at`, `url`, `favourites_count`, `description`, `twitter_id`, `remember_token`, `protected`, `profile_text_color`, `utc_offset`, `access_token`, `profile_background_color`, `time_zone`, `login`, `profile_background_image_url`, `friends_count`, `statuses_count`, `followers_count`, `location`, `profile_image_url`, `created_at`) VALUES('L. Araújo', 'eeebda', '2011-01-30 18:38:10', '625f4c', '80704c', 0, 'bycb3QuQJ6dsUbyS1TZxIAC7RSuznbBps29rousZJI', NULL, NULL, 0, 'Apenas um SOnhador, que sonha mais alto do que pode alcançar', '207776010', NULL, 0, '000000', NULL, '207776010-aWd1SXpQn9J2aaMUzdXSx33qoV8HF7OioQfcsCuL', '6f1f04', NULL, 'AraKarv', 'http://a2.twimg.com/profile_background_images/165373612/2010-10-25_20-03-26_189.31.12.202.jpg', 647, 410, 218, 'Palmas, Tocantins', 'http://a1.twimg.com/profile_images/1152557328/_lightining_normal.jpg', '2011-01-30 18:38:10')[0m
  [4;35;1mSQL (33.0ms)[0m   [0mCOMMIT[0m
  [4;36;1mSQL (0.0ms)[0m   [0;1mBEGIN[0m
  [4;35;1mTwitterAuth::GenericUser Load (1.0ms)[0m   [0mSELECT `users`.id FROM `users` WHERE (LOWER(`users`.`login`) = BINARY 'arakarv' AND `users`.id <> 1) LIMIT 1[0m
  [4;36;1mTwitterAuth::GenericUser Load (1.0ms)[0m   [0;1mSELECT `users`.id FROM `users` WHERE (`users`.`twitter_id` = BINARY '207776010' AND `users`.id <> 1) LIMIT 1[0m
  [4;35;1mTwitterAuth::GenericUser Load (1.0ms)[0m   [0mSELECT `users`.id FROM `users` WHERE (`users`.`remember_token` = BINARY '38fcbb671bafb330a5ef' AND `users`.id <> 1) LIMIT 1[0m
  [4;36;1mUser Update (43.0ms)[0m   [0;1mUPDATE `users` SET `remember_token_expires_at` = '2013-10-25 18:38:10', `remember_token` = '38fcbb671bafb330a5ef', `updated_at` = '2011-01-30 18:38:11' WHERE `id` = 1[0m
  [4;35;1mSQL (57.0ms)[0m   [0mCOMMIT[0m
Redirected to http://localhost:3000/
Completed in 4749ms (DB: 226) | 302 Found [http://localhost/oauth_callback?oauth_token=SBe8qjbtEoDrxdnmZvU77PWonNEHfJgPj1OQeTw3c&oauth_verifier=dQwosNh81dCE9wkvm8AC1hAtv8Df6O6MIy31Lrj0So]
** TwitterAuth initialized properly.
  [4;36;1mSQL (0.0ms)[0m   [0;1mSET NAMES 'utf8'[0m
  [4;35;1mSQL (0.0ms)[0m   [0mSET SQL_AUTO_IS_NULL=0[0m
  [4;36;1mUser Columns (5.0ms)[0m   [0;1mSHOW FIELDS FROM `users`[0m
  [4;35;1mUser Load (1.0ms)[0m   [0mSELECT * FROM `users` [0m
  [4;36;1mUser Load (10.0ms)[0m   [0;1mSELECT * FROM `users` WHERE (`users`.`id` = 1) [0m
  [4;35;1mUser Load (1.0ms)[0m   [0mSELECT * FROM `users` WHERE (`users`.`id` = 1) [0m
** TwitterAuth initialized properly.
  [4;36;1mSQL (0.0ms)[0m   [0;1mSET NAMES 'utf8'[0m
  [4;35;1mSQL (0.0ms)[0m   [0mSET SQL_AUTO_IS_NULL=0[0m
  [4;36;1mUser Columns (7.0ms)[0m   [0;1mSHOW FIELDS FROM `users`[0m
  [4;35;1mUser Load (0.0ms)[0m   [0mSELECT * FROM `users` WHERE (`users`.`id` = 1) [0m
** TwitterAuth initialized properly.
  [4;36;1mSQL (50.0ms)[0m   [0;1mSET NAMES 'utf8'[0m
  [4;35;1mSQL (0.0ms)[0m   [0mSET SQL_AUTO_IS_NULL=0[0m


Processing UsersController#index (for 127.0.0.1 at 2011-01-30 16:20:25) [GET]
  [4;36;1mUser Columns (184.0ms)[0m   [0;1mSHOW FIELDS FROM `users`[0m
  [4;35;1mUser Load (70.0ms)[0m   [0mSELECT * FROM `users` [0m
Rendering template within layouts/users
Rendering users/index
Completed in 714ms (View: 354, DB: 304) | 200 OK [http://localhost/users]
** TwitterAuth initialized properly.
** TwitterAuth initialized properly.
** TwitterAuth initialized properly.
  [4;36;1mSQL (27.0ms)[0m   [0;1mSET NAMES 'utf8'[0m
  [4;35;1mSQL (24.0ms)[0m   [0mSET SQL_AUTO_IS_NULL=0[0m


Processing ApplicationController#index (for 127.0.0.1 at 2011-01-30 16:45:32) [GET]

ActionController::RoutingError (No route matches "/pomoves" with {:method=>:get}):
  

Rendering rescues/layout (not_found)
  [4;36;1mSQL (0.0ms)[0m   [0;1mSET NAMES 'utf8'[0m
  [4;35;1mSQL (0.0ms)[0m   [0mSET SQL_AUTO_IS_NULL=0[0m


Processing ApplicationController#index (for 127.0.0.1 at 2011-01-30 16:46:12) [GET]

LoadError (Expected E:/msysgit/msysgit/projects/tweepromo/app/controllers/promoves_controller.rb to define PromovesController):
  

Rendered rescues/_trace (163.0ms)
Rendered rescues/_request_and_response (56.0ms)
Rendering rescues/layout (internal_server_error)
  [4;36;1mSQL (0.0ms)[0m   [0;1mSET NAMES 'utf8'[0m
  [4;35;1mSQL (0.0ms)[0m   [0mSET SQL_AUTO_IS_NULL=0[0m


Processing PromovesController#index (for 127.0.0.1 at 2011-01-30 16:46:30) [GET]
Rendering promoves/index
Completed in 202ms (View: 198, DB: 0) | 200 OK [http://localhost/promoves]
  [4;36;1mSQL (0.0ms)[0m   [0;1mSET NAMES 'utf8'[0m
  [4;35;1mSQL (0.0ms)[0m   [0mSET SQL_AUTO_IS_NULL=0[0m


Processing PromovesController#index (for 127.0.0.1 at 2011-01-30 16:47:26) [GET]
Rendering promoves/index
Completed in 39ms (View: 36, DB: 0) | 200 OK [http://localhost/promoves]
  [4;36;1mSQL (0.0ms)[0m   [0;1mSET NAMES 'utf8'[0m
  [4;35;1mSQL (0.0ms)[0m   [0mSET SQL_AUTO_IS_NULL=0[0m


Processing PromovesController#index (for 127.0.0.1 at 2011-01-30 16:47:42) [GET]
Rendering promoves/index
Completed in 21ms (View: 18, DB: 0) | 200 OK [http://localhost/promoves]
  [4;36;1mSQL (0.0ms)[0m   [0;1mSET NAMES 'utf8'[0m
  [4;35;1mSQL (0.0ms)[0m   [0mSET SQL_AUTO_IS_NULL=0[0m


Processing PromovesController#index (for 127.0.0.1 at 2011-01-30 16:47:52) [GET]
Rendering promoves/index
Completed in 108ms (View: 105, DB: 0) | 200 OK [http://localhost/promoves]
  [4;36;1mSQL (0.0ms)[0m   [0;1mSET NAMES 'utf8'[0m
  [4;35;1mSQL (0.0ms)[0m   [0mSET SQL_AUTO_IS_NULL=0[0m


Processing PromovesController#index (for 127.0.0.1 at 2011-01-30 16:48:01) [GET]
Rendering promoves/index
Completed in 20ms (View: 16, DB: 0) | 200 OK [http://localhost/promoves]
  [4;36;1mSQL (0.0ms)[0m   [0;1mSET NAMES 'utf8'[0m
  [4;35;1mSQL (0.0ms)[0m   [0mSET SQL_AUTO_IS_NULL=0[0m


Processing PromovesController#index (for 127.0.0.1 at 2011-01-30 16:48:14) [GET]
Rendering promoves/index
Completed in 20ms (View: 17, DB: 0) | 200 OK [http://localhost/promoves]
** TwitterAuth initialized properly.
  [4;36;1mSQL (0.0ms)[0m   [0;1mSET NAMES 'utf8'[0m
  [4;35;1mSQL (0.0ms)[0m   [0mSET SQL_AUTO_IS_NULL=0[0m


Processing PromovesController#postar (for 127.0.0.1 at 2011-01-30 16:50:50) [POST]
  Parameters: {"commit"=>"Enviar Tweet com todos", "authenticity_token"=>"I8gwXtu9WommPs+837bN5cTY/+MOmijnUOKvbcWjks8=", "tweet"=>{"1"=>"a", "2"=>"b", "3"=>"c", "4"=>"d", "5"=>"e"}}

ActionView::MissingTemplate (Missing template promoves/postar.erb in view path app/views:vendor/plugins/twitter-auth/app/views):
  /script\server:3
  C:/intantrails/ruby/lib/ruby/gems/1.8/gems/ruby-debug-ide-0.4.5/lib/ruby-debug.rb:101:in `debug_load'
  C:/intantrails/ruby/lib/ruby/gems/1.8/gems/ruby-debug-ide-0.4.5/lib/ruby-debug.rb:101:in `debug_program'
  C:/intantrails/ruby/lib/ruby/gems/1.8/gems/ruby-debug-ide-0.4.5/bin/rdebug-ide:82
  C:/intantrails/ruby/bin/rdebug-ide:19:in `load'
  C:/intantrails/ruby/bin/rdebug-ide:19

Rendering rescues/layout (internal_server_error)
  [4;36;1mSQL (0.0ms)[0m   [0;1mSET NAMES 'utf8'[0m
  [4;35;1mSQL (1.0ms)[0m   [0mSET SQL_AUTO_IS_NULL=0[0m


Processing PromovesController#postar (for 127.0.0.1 at 2011-01-30 16:51:55) [POST]
  Parameters: {"commit"=>"Enviar Tweet com todos", "authenticity_token"=>"I8gwXtu9WommPs+837bN5cTY/+MOmijnUOKvbcWjks8=", "tweet"=>{"1"=>"a", "2"=>"b", "3"=>"c", "4"=>"", "5"=>""}}

ActionView::MissingTemplate (Missing template promoves/postar.erb in view path app/views:vendor/plugins/twitter-auth/app/views):
  /script\server:3
  C:/intantrails/ruby/lib/ruby/gems/1.8/gems/ruby-debug-ide-0.4.5/lib/ruby-debug.rb:101:in `debug_load'
  C:/intantrails/ruby/lib/ruby/gems/1.8/gems/ruby-debug-ide-0.4.5/lib/ruby-debug.rb:101:in `debug_program'
  C:/intantrails/ruby/lib/ruby/gems/1.8/gems/ruby-debug-ide-0.4.5/bin/rdebug-ide:82
  C:/intantrails/ruby/bin/rdebug-ide:19:in `load'
  C:/intantrails/ruby/bin/rdebug-ide:19

Rendering rescues/layout (internal_server_error)
  [4;36;1mSQL (0.0ms)[0m   [0;1mSET NAMES 'utf8'[0m
  [4;35;1mSQL (0.0ms)[0m   [0mSET SQL_AUTO_IS_NULL=0[0m


Processing PromovesController#postar (for 127.0.0.1 at 2011-01-30 16:55:16) [POST]
  Parameters: {"commit"=>"Enviar Tweet com todos", "authenticity_token"=>"I8gwXtu9WommPs+837bN5cTY/+MOmijnUOKvbcWjks8=", "tweet"=>{"1"=>"a", "2"=>"b", "3"=>"c", "4"=>"", "5"=>""}}

ActionView::MissingTemplate (Missing template promoves/postar.erb in view path app/views:vendor/plugins/twitter-auth/app/views):
  /script\server:3
  C:/intantrails/ruby/lib/ruby/gems/1.8/gems/ruby-debug-ide-0.4.5/lib/ruby-debug.rb:101:in `debug_load'
  C:/intantrails/ruby/lib/ruby/gems/1.8/gems/ruby-debug-ide-0.4.5/lib/ruby-debug.rb:101:in `debug_program'
  C:/intantrails/ruby/lib/ruby/gems/1.8/gems/ruby-debug-ide-0.4.5/bin/rdebug-ide:82
  C:/intantrails/ruby/bin/rdebug-ide:19:in `load'
  C:/intantrails/ruby/bin/rdebug-ide:19

Rendering rescues/layout (internal_server_error)
  [4;36;1mSQL (15.0ms)[0m   [0;1mSET NAMES 'utf8'[0m
  [4;35;1mSQL (1.0ms)[0m   [0mSET SQL_AUTO_IS_NULL=0[0m


Processing PromovesController#postar (for 127.0.0.1 at 2011-01-30 16:55:24) [POST]
  Parameters: {"commit"=>"Enviar Tweet com todos", "authenticity_token"=>"I8gwXtu9WommPs+837bN5cTY/+MOmijnUOKvbcWjks8=", "tweet"=>{"1"=>"a", "2"=>"b", "3"=>"c", "4"=>"", "5"=>""}}

ActionView::MissingTemplate (Missing template promoves/postar.erb in view path app/views:vendor/plugins/twitter-auth/app/views):
  /script\server:3
  C:/intantrails/ruby/lib/ruby/gems/1.8/gems/ruby-debug-ide-0.4.5/lib/ruby-debug.rb:101:in `debug_load'
  C:/intantrails/ruby/lib/ruby/gems/1.8/gems/ruby-debug-ide-0.4.5/lib/ruby-debug.rb:101:in `debug_program'
  C:/intantrails/ruby/lib/ruby/gems/1.8/gems/ruby-debug-ide-0.4.5/bin/rdebug-ide:82
  C:/intantrails/ruby/bin/rdebug-ide:19:in `load'
  C:/intantrails/ruby/bin/rdebug-ide:19

Rendering rescues/layout (internal_server_error)
  [4;36;1mSQL (0.0ms)[0m   [0;1mSET NAMES 'utf8'[0m
  [4;35;1mSQL (0.0ms)[0m   [0mSET SQL_AUTO_IS_NULL=0[0m


Processing PromovesController#postar (for 127.0.0.1 at 2011-01-30 16:57:00) [POST]
  Parameters: {"commit"=>"Enviar Tweet com todos", "authenticity_token"=>"I8gwXtu9WommPs+837bN5cTY/+MOmijnUOKvbcWjks8=", "tweet"=>{"1"=>"a", "2"=>"b", "3"=>"c", "4"=>"", "5"=>""}}

ActionView::MissingTemplate (Missing template promoves/postar.erb in view path app/views:vendor/plugins/twitter-auth/app/views):
  /script\server:3
  C:/intantrails/ruby/lib/ruby/gems/1.8/gems/ruby-debug-ide-0.4.5/lib/ruby-debug.rb:101:in `debug_load'
  C:/intantrails/ruby/lib/ruby/gems/1.8/gems/ruby-debug-ide-0.4.5/lib/ruby-debug.rb:101:in `debug_program'
  C:/intantrails/ruby/lib/ruby/gems/1.8/gems/ruby-debug-ide-0.4.5/bin/rdebug-ide:82
  C:/intantrails/ruby/bin/rdebug-ide:19:in `load'
  C:/intantrails/ruby/bin/rdebug-ide:19

Rendering rescues/layout (internal_server_error)
  [4;36;1mSQL (0.0ms)[0m   [0;1mSET NAMES 'utf8'[0m
  [4;35;1mSQL (0.0ms)[0m   [0mSET SQL_AUTO_IS_NULL=0[0m


Processing PromovesController#index (for 127.0.0.1 at 2011-01-30 16:57:15) [GET]
Rendering promoves/index
Completed in 173ms (View: 170, DB: 0) | 200 OK [http://localhost/promoves]
  [4;36;1mSQL (0.0ms)[0m   [0;1mSET NAMES 'utf8'[0m
  [4;35;1mSQL (0.0ms)[0m   [0mSET SQL_AUTO_IS_NULL=0[0m


Processing PromovesController#postar (for 127.0.0.1 at 2011-01-30 16:57:22) [POST]
  Parameters: {"commit"=>"Enviar Tweet com todos", "authenticity_token"=>"I8gwXtu9WommPs+837bN5cTY/+MOmijnUOKvbcWjks8=", "tweet"=>["a", "b", "c", "", ""]}

ActionView::MissingTemplate (Missing template promoves/postar.erb in view path app/views:vendor/plugins/twitter-auth/app/views):
  /script\server:3
  C:/intantrails/ruby/lib/ruby/gems/1.8/gems/ruby-debug-ide-0.4.5/lib/ruby-debug.rb:101:in `debug_load'
  C:/intantrails/ruby/lib/ruby/gems/1.8/gems/ruby-debug-ide-0.4.5/lib/ruby-debug.rb:101:in `debug_program'
  C:/intantrails/ruby/lib/ruby/gems/1.8/gems/ruby-debug-ide-0.4.5/bin/rdebug-ide:82
  C:/intantrails/ruby/bin/rdebug-ide:19:in `load'
  C:/intantrails/ruby/bin/rdebug-ide:19

Rendering rescues/layout (internal_server_error)
  [4;36;1mSQL (57.0ms)[0m   [0;1mSET NAMES 'utf8'[0m
  [4;35;1mSQL (13.0ms)[0m   [0mSET SQL_AUTO_IS_NULL=0[0m


Processing PromovesController#postar (for 127.0.0.1 at 2011-01-30 17:18:34) [POST]
  Parameters: {"commit"=>"Enviar Tweet com todos", "authenticity_token"=>"I8gwXtu9WommPs+837bN5cTY/+MOmijnUOKvbcWjks8=", "tweet"=>["Boa Tarde", "Testando um novo App pra Twitter", "Acho que funciona muito bem :P", "", ""]}

ActionView::MissingTemplate (Missing template promoves/postar.erb in view path app/views:vendor/plugins/twitter-auth/app/views):
  /script\server:3
  C:/intantrails/ruby/lib/ruby/gems/1.8/gems/ruby-debug-ide-0.4.5/lib/ruby-debug.rb:101:in `debug_load'
  C:/intantrails/ruby/lib/ruby/gems/1.8/gems/ruby-debug-ide-0.4.5/lib/ruby-debug.rb:101:in `debug_program'
  C:/intantrails/ruby/lib/ruby/gems/1.8/gems/ruby-debug-ide-0.4.5/bin/rdebug-ide:82
  C:/intantrails/ruby/bin/rdebug-ide:19:in `load'
  C:/intantrails/ruby/bin/rdebug-ide:19

Rendering rescues/layout (internal_server_error)
  [4;36;1mSQL (0.0ms)[0m   [0;1mSET NAMES 'utf8'[0m
  [4;35;1mSQL (1.0ms)[0m   [0mSET SQL_AUTO_IS_NULL=0[0m


Processing PromovesController#postar (for 127.0.0.1 at 2011-01-30 17:19:35) [POST]
  Parameters: {"commit"=>"Enviar Tweet com todos", "authenticity_token"=>"I8gwXtu9WommPs+837bN5cTY/+MOmijnUOKvbcWjks8=", "tweet"=>["Boa Tarde", "Testando um novo App pra Twitter", "Acho que funciona muito bem :P", "", ""]}

ActionView::MissingTemplate (Missing template promoves/postar.erb in view path app/views:vendor/plugins/twitter-auth/app/views):
  /script\server:3
  C:/intantrails/ruby/lib/ruby/gems/1.8/gems/ruby-debug-ide-0.4.5/lib/ruby-debug.rb:101:in `debug_load'
  C:/intantrails/ruby/lib/ruby/gems/1.8/gems/ruby-debug-ide-0.4.5/lib/ruby-debug.rb:101:in `debug_program'
  C:/intantrails/ruby/lib/ruby/gems/1.8/gems/ruby-debug-ide-0.4.5/bin/rdebug-ide:82
  C:/intantrails/ruby/bin/rdebug-ide:19:in `load'
  C:/intantrails/ruby/bin/rdebug-ide:19

Rendering rescues/layout (internal_server_error)
  [4;36;1mSQL (0.0ms)[0m   [0;1mSET NAMES 'utf8'[0m
  [4;35;1mSQL (0.0ms)[0m   [0mSET SQL_AUTO_IS_NULL=0[0m


Processing PromovesController#postar (for 127.0.0.1 at 2011-01-30 17:19:57) [POST]
  Parameters: {"commit"=>"Enviar Tweet com todos", "authenticity_token"=>"I8gwXtu9WommPs+837bN5cTY/+MOmijnUOKvbcWjks8=", "tweet"=>["Boa Tarde", "Testando um novo App pra Twitter", "Acho que funciona muito bem :P", "", ""]}

ActionView::MissingTemplate (Missing template promoves/postar.erb in view path app/views:vendor/plugins/twitter-auth/app/views):
  /script\server:3
  C:/intantrails/ruby/lib/ruby/gems/1.8/gems/ruby-debug-ide-0.4.5/lib/ruby-debug.rb:101:in `debug_load'
  C:/intantrails/ruby/lib/ruby/gems/1.8/gems/ruby-debug-ide-0.4.5/lib/ruby-debug.rb:101:in `debug_program'
  C:/intantrails/ruby/lib/ruby/gems/1.8/gems/ruby-debug-ide-0.4.5/bin/rdebug-ide:82
  C:/intantrails/ruby/bin/rdebug-ide:19:in `load'
  C:/intantrails/ruby/bin/rdebug-ide:19

Rendering rescues/layout (internal_server_error)
  [4;36;1mSQL (1.0ms)[0m   [0;1mSET NAMES 'utf8'[0m
  [4;35;1mSQL (0.0ms)[0m   [0mSET SQL_AUTO_IS_NULL=0[0m


Processing PromovesController#postar (for 127.0.0.1 at 2011-01-30 17:20:38) [POST]
  Parameters: {"commit"=>"Enviar Tweet com todos", "authenticity_token"=>"I8gwXtu9WommPs+837bN5cTY/+MOmijnUOKvbcWjks8=", "tweet"=>["Boa Tarde", "Testando um novo App pra Twitter", "Acho que funciona muito bem :P", "", ""]}
  [4;36;1mSQL (116.0ms)[0m   [0;1mSHOW TABLES[0m
  [4;35;1mUser Columns (610.0ms)[0m   [0mSHOW FIELDS FROM `users`[0m

NoMethodError (undefined method `tweet_this' for #<Class:0x8713f60>):
  app/controllers/promoves_controller.rb:9:in `postar'
  app/controllers/promoves_controller.rb:8:in `each'
  app/controllers/promoves_controller.rb:8:in `postar'
  /script\server:3
  C:/intantrails/ruby/lib/ruby/gems/1.8/gems/ruby-debug-ide-0.4.5/lib/ruby-debug.rb:101:in `debug_load'
  C:/intantrails/ruby/lib/ruby/gems/1.8/gems/ruby-debug-ide-0.4.5/lib/ruby-debug.rb:101:in `debug_program'
  C:/intantrails/ruby/lib/ruby/gems/1.8/gems/ruby-debug-ide-0.4.5/bin/rdebug-ide:82
  C:/intantrails/ruby/bin/rdebug-ide:19:in `load'
  C:/intantrails/ruby/bin/rdebug-ide:19

Rendered rescues/_trace (240.0ms)
Rendered rescues/_request_and_response (7.0ms)
Rendering rescues/layout (internal_server_error)
  [4;36;1mSQL (1.0ms)[0m   [0;1mSET NAMES 'utf8'[0m
  [4;35;1mSQL (1.0ms)[0m   [0mSET SQL_AUTO_IS_NULL=0[0m


Processing PromovesController#postar (for 127.0.0.1 at 2011-01-30 17:23:20) [POST]
  Parameters: {"commit"=>"Enviar Tweet com todos", "authenticity_token"=>"I8gwXtu9WommPs+837bN5cTY/+MOmijnUOKvbcWjks8=", "tweet"=>["Boa Tarde", "Testando um novo App pra Twitter", "Acho que funciona muito bem :P", "", ""]}
  [4;36;1mSQL (2.0ms)[0m   [0;1mSHOW TABLES[0m
  [4;35;1mUser Columns (15.0ms)[0m   [0mSHOW FIELDS FROM `users`[0m

NoMethodError (undefined method `tweet_this' for #<Class:0x8574e48>):
  app/controllers/promoves_controller.rb:9:in `postar'
  app/controllers/promoves_controller.rb:8:in `each'
  app/controllers/promoves_controller.rb:8:in `postar'
  /script\server:3
  C:/intantrails/ruby/lib/ruby/gems/1.8/gems/ruby-debug-ide-0.4.5/lib/ruby-debug.rb:101:in `debug_load'
  C:/intantrails/ruby/lib/ruby/gems/1.8/gems/ruby-debug-ide-0.4.5/lib/ruby-debug.rb:101:in `debug_program'
  C:/intantrails/ruby/lib/ruby/gems/1.8/gems/ruby-debug-ide-0.4.5/bin/rdebug-ide:82
  C:/intantrails/ruby/bin/rdebug-ide:19:in `load'
  C:/intantrails/ruby/bin/rdebug-ide:19

Rendered rescues/_trace (133.0ms)
Rendered rescues/_request_and_response (1.0ms)
Rendering rescues/layout (internal_server_error)
  [4;36;1mSQL (234.0ms)[0m   [0;1mSET NAMES 'utf8'[0m
  [4;35;1mSQL (113.0ms)[0m   [0mSET SQL_AUTO_IS_NULL=0[0m


Processing PromovesController#postar (for 127.0.0.1 at 2011-01-30 17:29:58) [POST]
  Parameters: {"commit"=>"Enviar Tweet com todos", "authenticity_token"=>"I8gwXtu9WommPs+837bN5cTY/+MOmijnUOKvbcWjks8=", "tweet"=>["Boa Tarde", "Testando um novo App pra Twitter", "Acho que funciona muito bem :P", "", ""]}
  [4;36;1mUser Columns (1913.0ms)[0m   [0;1mSHOW FIELDS FROM `users`[0m
  [4;35;1mUser Load (352.0ms)[0m   [0mSELECT * FROM `users` [0m
  [4;36;1mCACHE (0.0ms)[0m   [0;1mSELECT * FROM `users` [0m
  [4;35;1mCACHE (0.0ms)[0m   [0mSELECT * FROM `users` [0m

ActionView::MissingTemplate (Missing template promoves/postar.erb in view path app/views:vendor/plugins/twitter-auth/app/views):
  /script\server:3
  C:/intantrails/ruby/lib/ruby/gems/1.8/gems/ruby-debug-ide-0.4.5/lib/ruby-debug.rb:101:in `debug_load'
  C:/intantrails/ruby/lib/ruby/gems/1.8/gems/ruby-debug-ide-0.4.5/lib/ruby-debug.rb:101:in `debug_program'
  C:/intantrails/ruby/lib/ruby/gems/1.8/gems/ruby-debug-ide-0.4.5/bin/rdebug-ide:82
  C:/intantrails/ruby/bin/rdebug-ide:19:in `load'
  C:/intantrails/ruby/bin/rdebug-ide:19

Rendering rescues/layout (internal_server_error)
  [4;36;1mSQL (0.0ms)[0m   [0;1mSET NAMES 'utf8'[0m
  [4;35;1mSQL (0.0ms)[0m   [0mSET SQL_AUTO_IS_NULL=0[0m


Processing PromovesController#postar (for 127.0.0.1 at 2011-01-30 17:32:30) [POST]
  Parameters: {"commit"=>"Enviar Tweet com todos", "authenticity_token"=>"I8gwXtu9WommPs+837bN5cTY/+MOmijnUOKvbcWjks8=", "tweet"=>["Boa Tarde", "Testando um novo App pra Twitter", "Acho que funciona muito bem :P", "", ""]}

NoMethodError (undefined method `tweet_this' for Promote::TwitterUser:Class):
  app/controllers/promoves_controller.rb:10:in `postar'
  app/controllers/promoves_controller.rb:9:in `each'
  app/controllers/promoves_controller.rb:9:in `postar'
  /script\server:3
  C:/intantrails/ruby/lib/ruby/gems/1.8/gems/ruby-debug-ide-0.4.5/lib/ruby-debug.rb:101:in `debug_load'
  C:/intantrails/ruby/lib/ruby/gems/1.8/gems/ruby-debug-ide-0.4.5/lib/ruby-debug.rb:101:in `debug_program'
  C:/intantrails/ruby/lib/ruby/gems/1.8/gems/ruby-debug-ide-0.4.5/bin/rdebug-ide:82
  C:/intantrails/ruby/bin/rdebug-ide:19:in `load'
  C:/intantrails/ruby/bin/rdebug-ide:19

Rendered rescues/_trace (2571.0ms)
Rendered rescues/_request_and_response (17.0ms)
Rendering rescues/layout (internal_server_error)
  [4;36;1mSQL (0.0ms)[0m   [0;1mSET NAMES 'utf8'[0m
  [4;35;1mSQL (0.0ms)[0m   [0mSET SQL_AUTO_IS_NULL=0[0m


Processing ApplicationController#postar (for 127.0.0.1 at 2011-01-30 17:33:46) [POST]
  Parameters: {"commit"=>"Enviar Tweet com todos", "authenticity_token"=>"I8gwXtu9WommPs+837bN5cTY/+MOmijnUOKvbcWjks8=", "tweet"=>["Boa Tarde", "Testando um novo App pra Twitter", "Acho que funciona muito bem :P", "", ""]}

LoadError (Expected E:/msysgit/msysgit/projects/tweepromo/lib/promote.rb to define Promote):
  app/controllers/promoves_controller.rb:2
  /script\server:3
  C:/intantrails/ruby/lib/ruby/gems/1.8/gems/ruby-debug-ide-0.4.5/lib/ruby-debug.rb:101:in `debug_load'
  C:/intantrails/ruby/lib/ruby/gems/1.8/gems/ruby-debug-ide-0.4.5/lib/ruby-debug.rb:101:in `debug_program'
  C:/intantrails/ruby/lib/ruby/gems/1.8/gems/ruby-debug-ide-0.4.5/bin/rdebug-ide:82
  C:/intantrails/ruby/bin/rdebug-ide:19:in `load'
  C:/intantrails/ruby/bin/rdebug-ide:19

Rendered rescues/_trace (117.0ms)
Rendered rescues/_request_and_response (1.0ms)
Rendering rescues/layout (internal_server_error)
  [4;36;1mSQL (0.0ms)[0m   [0;1mSET NAMES 'utf8'[0m
  [4;35;1mSQL (0.0ms)[0m   [0mSET SQL_AUTO_IS_NULL=0[0m


Processing PromovesController#postar (for 127.0.0.1 at 2011-01-30 17:34:00) [POST]
  Parameters: {"commit"=>"Enviar Tweet com todos", "authenticity_token"=>"I8gwXtu9WommPs+837bN5cTY/+MOmijnUOKvbcWjks8=", "tweet"=>["Boa Tarde", "Testando um novo App pra Twitter", "Acho que funciona muito bem :P", "", ""]}

NameError (uninitialized constant PromovesController::TwitterUser):
  app/controllers/promoves_controller.rb:10:in `postar'
  app/controllers/promoves_controller.rb:9:in `each'
  app/controllers/promoves_controller.rb:9:in `postar'
  /script\server:3
  C:/intantrails/ruby/lib/ruby/gems/1.8/gems/ruby-debug-ide-0.4.5/lib/ruby-debug.rb:101:in `debug_load'
  C:/intantrails/ruby/lib/ruby/gems/1.8/gems/ruby-debug-ide-0.4.5/lib/ruby-debug.rb:101:in `debug_program'
  C:/intantrails/ruby/lib/ruby/gems/1.8/gems/ruby-debug-ide-0.4.5/bin/rdebug-ide:82
  C:/intantrails/ruby/bin/rdebug-ide:19:in `load'
  C:/intantrails/ruby/bin/rdebug-ide:19

Rendered rescues/_trace (340.0ms)
Rendered rescues/_request_and_response (1.0ms)
Rendering rescues/layout (internal_server_error)
  [4;36;1mSQL (0.0ms)[0m   [0;1mSET NAMES 'utf8'[0m
  [4;35;1mSQL (0.0ms)[0m   [0mSET SQL_AUTO_IS_NULL=0[0m


Processing PromovesController#postar (for 127.0.0.1 at 2011-01-30 17:34:22) [POST]
  Parameters: {"commit"=>"Enviar Tweet com todos", "authenticity_token"=>"I8gwXtu9WommPs+837bN5cTY/+MOmijnUOKvbcWjks8=", "tweet"=>["Boa Tarde", "Testando um novo App pra Twitter", "Acho que funciona muito bem :P", "", ""]}
  [4;36;1mUser Columns (6.0ms)[0m   [0;1mSHOW FIELDS FROM `users`[0m
  [4;35;1mUser Load (0.0ms)[0m   [0mSELECT * FROM `users` [0m
  [4;36;1mCACHE (0.0ms)[0m   [0;1mSELECT * FROM `users` [0m
  [4;35;1mCACHE (0.0ms)[0m   [0mSELECT * FROM `users` [0m

ActionView::MissingTemplate (Missing template promoves/postar.erb in view path app/views:vendor/plugins/twitter-auth/app/views):
  /script\server:3
  C:/intantrails/ruby/lib/ruby/gems/1.8/gems/ruby-debug-ide-0.4.5/lib/ruby-debug.rb:101:in `debug_load'
  C:/intantrails/ruby/lib/ruby/gems/1.8/gems/ruby-debug-ide-0.4.5/lib/ruby-debug.rb:101:in `debug_program'
  C:/intantrails/ruby/lib/ruby/gems/1.8/gems/ruby-debug-ide-0.4.5/bin/rdebug-ide:82
  C:/intantrails/ruby/bin/rdebug-ide:19:in `load'
  C:/intantrails/ruby/bin/rdebug-ide:19

Rendering rescues/layout (internal_server_error)
  [4;36;1mSQL (0.0ms)[0m   [0;1mSET NAMES 'utf8'[0m
  [4;35;1mSQL (0.0ms)[0m   [0mSET SQL_AUTO_IS_NULL=0[0m


Processing PromovesController#postar (for 127.0.0.1 at 2011-01-30 17:35:12) [POST]
  Parameters: {"commit"=>"Enviar Tweet com todos", "authenticity_token"=>"I8gwXtu9WommPs+837bN5cTY/+MOmijnUOKvbcWjks8=", "tweet"=>["Boa Tarde", "Testando um novo App pra Twitter", "Acho que funciona muito bem :P", "", ""]}
  [4;36;1mUser Columns (7.0ms)[0m   [0;1mSHOW FIELDS FROM `users`[0m
  [4;35;1mUser Load (1.0ms)[0m   [0mSELECT * FROM `users` [0m
  [4;36;1mSQL (1.0ms)[0m   [0;1mSET NAMES 'utf8'[0m
  [4;35;1mSQL (0.0ms)[0m   [0mSET SQL_AUTO_IS_NULL=0[0m
  [4;36;1mSQL (45.0ms)[0m   [0;1mSHOW TABLES[0m
  [4;35;1mSQL (1.0ms)[0m   [0mSHOW TABLES[0m
  [4;36;1mSQL (1.0ms)[0m   [0;1mSHOW TABLES[0m
  [4;35;1mSQL (1.0ms)[0m   [0mSHOW TABLES[0m
  [4;36;1mSQL (1.0ms)[0m   [0;1mSHOW TABLES[0m
  [4;35;1mSQL (3.0ms)[0m   [0mSHOW TABLES[0m
  [4;36;1mSQL (1.0ms)[0m   [0;1mSHOW TABLES[0m
  [4;35;1mSQL (1.0ms)[0m   [0mSHOW TABLES[0m
  [4;36;1mSQL (1.0ms)[0m   [0;1mSHOW TABLES[0m
  [4;35;1mSQL (1.0ms)[0m   [0mSHOW TABLES[0m
  [4;36;1mSQL (2.0ms)[0m   [0;1mSHOW TABLES[0m
  [4;35;1mCACHE (0.0ms)[0m   [0mSELECT * FROM `users` [0m
  [4;36;1mSQL (1.0ms)[0m   [0;1mSHOW TABLES[0m
  [4;35;1mSQL (1.0ms)[0m   [0mSHOW TABLES[0m
  [4;36;1mSQL (2.0ms)[0m   [0;1mSHOW TABLES[0m
  [4;35;1mSQL (1.0ms)[0m   [0mSHOW TABLES[0m
  [4;36;1mSQL (1.0ms)[0m   [0;1mSHOW TABLES[0m
  [4;35;1mSQL (1.0ms)[0m   [0mSHOW TABLES[0m
  [4;36;1mSQL (1.0ms)[0m   [0;1mSHOW TABLES[0m
  [4;35;1mSQL (1.0ms)[0m   [0mSHOW TABLES[0m
  [4;36;1mCACHE (0.0ms)[0m   [0;1mSELECT * FROM `users` [0m
  [4;35;1mSQL (1.0ms)[0m   [0mSHOW TABLES[0m
  [4;36;1mSQL (1.0ms)[0m   [0;1mSHOW TABLES[0m
  [4;35;1mSQL (1.0ms)[0m   [0mSHOW TABLES[0m
  [4;36;1mSQL (1.0ms)[0m   [0;1mSHOW TABLES[0m
  [4;35;1mSQL (1.0ms)[0m   [0mSHOW TABLES[0m
  [4;36;1mSQL (1.0ms)[0m   [0;1mSHOW TABLES[0m

ActionView::MissingTemplate (Missing template promoves/postar.erb in view path app/views:vendor/plugins/twitter-auth/app/views):
  /script\server:3
  C:/intantrails/ruby/lib/ruby/gems/1.8/gems/ruby-debug-ide-0.4.5/lib/ruby-debug.rb:101:in `debug_load'
  C:/intantrails/ruby/lib/ruby/gems/1.8/gems/ruby-debug-ide-0.4.5/lib/ruby-debug.rb:101:in `debug_program'
  C:/intantrails/ruby/lib/ruby/gems/1.8/gems/ruby-debug-ide-0.4.5/bin/rdebug-ide:82
  C:/intantrails/ruby/bin/rdebug-ide:19:in `load'
  C:/intantrails/ruby/bin/rdebug-ide:19

Rendering rescues/layout (internal_server_error)
  [4;35;1mSQL (0.0ms)[0m   [0mSET NAMES 'utf8'[0m
  [4;36;1mSQL (0.0ms)[0m   [0;1mSET SQL_AUTO_IS_NULL=0[0m


Processing PromovesController#postar (for 127.0.0.1 at 2011-01-30 17:36:22) [POST]
  Parameters: {"commit"=>"Enviar Tweet com todos", "authenticity_token"=>"I8gwXtu9WommPs+837bN5cTY/+MOmijnUOKvbcWjks8=", "tweet"=>["Boa Tarde", "Testando um novo App pra Twitter", "Acho que funciona muito bem :P", "", ""]}
  [4;35;1mUser Columns (7.0ms)[0m   [0mSHOW FIELDS FROM `users`[0m
  [4;36;1mUser Load (1.0ms)[0m   [0;1mSELECT * FROM `users` [0m

TwitterAuth::Dispatcher::Unauthorized (The credentials provided did not authorize the user.):
  oauth (0.4.4) lib/oauth/tokens/access_token.rb:47:in `post'
  app/models/user.rb:9:in `tweet_this'
  app/models/user.rb:7:in `each'
  app/models/user.rb:7:in `tweet_this'
  app/controllers/promoves_controller.rb:10:in `postar'
  app/controllers/promoves_controller.rb:9:in `each'
  app/controllers/promoves_controller.rb:9:in `postar'
  /script\server:3
  C:/intantrails/ruby/lib/ruby/gems/1.8/gems/ruby-debug-ide-0.4.5/lib/ruby-debug.rb:101:in `debug_load'
  C:/intantrails/ruby/lib/ruby/gems/1.8/gems/ruby-debug-ide-0.4.5/lib/ruby-debug.rb:101:in `debug_program'
  C:/intantrails/ruby/lib/ruby/gems/1.8/gems/ruby-debug-ide-0.4.5/bin/rdebug-ide:82
  C:/intantrails/ruby/bin/rdebug-ide:19:in `load'
  C:/intantrails/ruby/bin/rdebug-ide:19

Rendered rescues/_trace (138.0ms)
Rendered rescues/_request_and_response (1.0ms)
Rendering rescues/layout (internal_server_error)
  [4;35;1mSQL (0.0ms)[0m   [0mSET NAMES 'utf8'[0m
  [4;36;1mSQL (0.0ms)[0m   [0;1mSET SQL_AUTO_IS_NULL=0[0m


Processing SessionsController#destroy (for 127.0.0.1 at 2011-01-30 17:36:48) [GET]
Redirected to http://localhost:3000/
Completed in 6ms (DB: 0) | 302 Found [http://localhost/logout]
  [4;35;1mSQL (0.0ms)[0m   [0mSET NAMES 'utf8'[0m
  [4;36;1mSQL (0.0ms)[0m   [0;1mSET SQL_AUTO_IS_NULL=0[0m


Processing SessionsController#new (for 127.0.0.1 at 2011-01-30 17:37:21) [GET]
Redirected to https://twitter.com/oauth/authenticate?oauth_token=C9DrCoxmSphhgVHP9zf0y2hXQUXaUVMhOQcHDSO3EU&oauth_callback=http%3A%2F%2F127.0.0.1%2Foauth_callback
Completed in 1662ms (DB: 0) | 302 Found [http://localhost/login]
  [4;35;1mSQL (0.0ms)[0m   [0mSET NAMES 'utf8'[0m
  [4;36;1mSQL (0.0ms)[0m   [0;1mSET SQL_AUTO_IS_NULL=0[0m


Processing SessionsController#oauth_callback (for 127.0.0.1 at 2011-01-30 17:37:34) [GET]
  Parameters: {"oauth_token"=>"C9DrCoxmSphhgVHP9zf0y2hXQUXaUVMhOQcHDSO3EU", "oauth_verifier"=>"kTkwN2xN1XMYQwhOIeznkcFIqyaVVX9SN3qF2bDM"}
  [4;35;1mUser Columns (26.0ms)[0m   [0mSHOW FIELDS FROM `users`[0m
  [4;36;1mUser Load (55.0ms)[0m   [0;1mSELECT * FROM `users` WHERE (`users`.`twitter_id` = '207776010') LIMIT 1[0m
  [4;35;1mSQL (1.0ms)[0m   [0mBEGIN[0m
  [4;36;1mTwitterAuth::GenericUser Columns (16.0ms)[0m   [0;1mSHOW FIELDS FROM `users`[0m
  [4;35;1mTwitterAuth::GenericUser Load (40.0ms)[0m   [0mSELECT `users`.id FROM `users` WHERE (LOWER(`users`.`login`) = BINARY 'arakarv' AND `users`.id <> 1) LIMIT 1[0m
  [4;36;1mTwitterAuth::GenericUser Load (1.0ms)[0m   [0;1mSELECT `users`.id FROM `users` WHERE (`users`.`twitter_id` = BINARY '207776010' AND `users`.id <> 1) LIMIT 1[0m
  [4;35;1mTwitterAuth::GenericUser Load (1.0ms)[0m   [0mSELECT `users`.id FROM `users` WHERE (`users`.`remember_token` = BINARY '38fcbb671bafb330a5ef' AND `users`.id <> 1) LIMIT 1[0m
  [4;36;1mUser Update (84.0ms)[0m   [0;1mUPDATE `users` SET `access_token` = '207776010-rjrkavVXdXZJqLFDqSZxS8HDyCJvxy2d91rCaZ3W', `statuses_count` = 411, `friends_count` = 648, `updated_at` = '2011-01-30 20:37:39', `access_secret` = 'LTasUBJLXmgQqs6vqE1c1oRka5W1joTb3zCjnCVz94' WHERE `id` = 1[0m
  [4;35;1mSQL (72.0ms)[0m   [0mCOMMIT[0m
  [4;36;1mSQL (1.0ms)[0m   [0;1mBEGIN[0m
  [4;35;1mTwitterAuth::GenericUser Load (0.0ms)[0m   [0mSELECT `users`.id FROM `users` WHERE (LOWER(`users`.`login`) = BINARY 'arakarv' AND `users`.id <> 1) LIMIT 1[0m
  [4;36;1mTwitterAuth::GenericUser Load (0.0ms)[0m   [0;1mSELECT `users`.id FROM `users` WHERE (`users`.`twitter_id` = BINARY '207776010' AND `users`.id <> 1) LIMIT 1[0m
  [4;35;1mTwitterAuth::GenericUser Load (1.0ms)[0m   [0mSELECT `users`.id FROM `users` WHERE (`users`.`remember_token` = BINARY '9b131b1c475a4c3f4804' AND `users`.id <> 1) LIMIT 1[0m
  [4;36;1mUser Update (0.0ms)[0m   [0;1mUPDATE `users` SET `remember_token_expires_at` = '2013-10-25 20:37:40', `remember_token` = '9b131b1c475a4c3f4804', `updated_at` = '2011-01-30 20:37:40' WHERE `id` = 1[0m
  [4;35;1mSQL (33.0ms)[0m   [0mCOMMIT[0m
Redirected to http://localhost:3000/
Completed in 5833ms (DB: 331) | 302 Found [http://localhost/oauth_callback?oauth_token=C9DrCoxmSphhgVHP9zf0y2hXQUXaUVMhOQcHDSO3EU&oauth_verifier=kTkwN2xN1XMYQwhOIeznkcFIqyaVVX9SN3qF2bDM]
  [4;36;1mSQL (0.0ms)[0m   [0;1mSET NAMES 'utf8'[0m
  [4;35;1mSQL (0.0ms)[0m   [0mSET SQL_AUTO_IS_NULL=0[0m


Processing PromovesController#index (for 127.0.0.1 at 2011-01-30 17:37:46) [GET]
Rendering promoves/index
Completed in 15ms (View: 9, DB: 0) | 200 OK [http://localhost/promoves]
  [4;36;1mSQL (1.0ms)[0m   [0;1mSET NAMES 'utf8'[0m
  [4;35;1mSQL (1.0ms)[0m   [0mSET SQL_AUTO_IS_NULL=0[0m


Processing PromovesController#postar (for 127.0.0.1 at 2011-01-30 17:38:16) [POST]
  Parameters: {"commit"=>"Enviar Tweet com todos", "authenticity_token"=>"I8gwXtu9WommPs+837bN5cTY/+MOmijnUOKvbcWjks8=", "tweet"=>["QUal as novidades gente", "Esotu testando esse novo programa aki pra Twitter", "Até agora me parece bom :)", "", ""]}
  [4;36;1mUser Columns (6.0ms)[0m   [0;1mSHOW FIELDS FROM `users`[0m
  [4;35;1mUser Load (1.0ms)[0m   [0mSELECT * FROM `users` [0m
  [4;36;1mCACHE (0.0ms)[0m   [0;1mSELECT * FROM `users` [0m
  [4;35;1mCACHE (0.0ms)[0m   [0mSELECT * FROM `users` [0m

ActionView::MissingTemplate (Missing template promoves/postar.erb in view path app/views:vendor/plugins/twitter-auth/app/views):
  /script\server:3
  C:/intantrails/ruby/lib/ruby/gems/1.8/gems/ruby-debug-ide-0.4.5/lib/ruby-debug.rb:101:in `debug_load'
  C:/intantrails/ruby/lib/ruby/gems/1.8/gems/ruby-debug-ide-0.4.5/lib/ruby-debug.rb:101:in `debug_program'
  C:/intantrails/ruby/lib/ruby/gems/1.8/gems/ruby-debug-ide-0.4.5/bin/rdebug-ide:82
  C:/intantrails/ruby/bin/rdebug-ide:19:in `load'
  C:/intantrails/ruby/bin/rdebug-ide:19

Rendering rescues/layout (internal_server_error)
  [4;36;1mSQL (32.0ms)[0m   [0;1mSET NAMES 'utf8'[0m
  [4;35;1mSQL (0.0ms)[0m   [0mSET SQL_AUTO_IS_NULL=0[0m


Processing SessionsController#new (for 127.0.0.1 at 2011-01-30 18:49:14) [GET]
Redirected to https://twitter.com/oauth/authenticate?oauth_token=5zx0f2ghClLqSp8gEKHKIFdyOV9aUP2rguHfHGzys&oauth_callback=http%3A%2F%2F127.0.0.1%2Foauth_callback
Completed in 3544ms (DB: 32) | 302 Found [http://localhost/login]
  [4;36;1mSQL (0.0ms)[0m   [0;1mSET NAMES 'utf8'[0m
  [4;35;1mSQL (0.0ms)[0m   [0mSET SQL_AUTO_IS_NULL=0[0m


Processing SessionsController#oauth_callback (for 127.0.0.1 at 2011-01-30 18:49:26) [GET]
  Parameters: {"oauth_token"=>"5zx0f2ghClLqSp8gEKHKIFdyOV9aUP2rguHfHGzys", "oauth_verifier"=>"BjyTfZ6OHKTnKuc6k5SIJI7nEXrkIWywA25BiC15XTI"}
  [4;36;1mUser Columns (352.0ms)[0m   [0;1mSHOW FIELDS FROM `users`[0m
  [4;35;1mUser Load (85.0ms)[0m   [0mSELECT * FROM `users` WHERE (`users`.`twitter_id` = '191916018') LIMIT 1[0m
  [4;36;1mSQL (10.0ms)[0m   [0;1mBEGIN[0m
  [4;35;1mTwitterAuth::GenericUser Load (35.0ms)[0m   [0mSELECT `users`.id FROM `users` WHERE (LOWER(`users`.`login`) = BINARY 'luibaladaz') LIMIT 1[0m
  [4;36;1mTwitterAuth::GenericUser Load (1.0ms)[0m   [0;1mSELECT `users`.id FROM `users` WHERE (`users`.`twitter_id` = BINARY '191916018') LIMIT 1[0m
  [4;35;1mUser Create (85.0ms)[0m   [0mINSERT INTO `users` (`name`, `profile_sidebar_fill_color`, `updated_at`, `profile_link_color`, `profile_sidebar_border_color`, `profile_background_tile`, `access_secret`, `remember_token_expires_at`, `url`, `favourites_count`, `description`, `twitter_id`, `remember_token`, `protected`, `profile_text_color`, `utc_offset`, `access_token`, `profile_background_color`, `time_zone`, `login`, `profile_background_image_url`, `friends_count`, `statuses_count`, `followers_count`, `location`, `profile_image_url`, `created_at`) VALUES('Luiz A A C', 'DDEEF6', '2011-01-30 21:49:32', '0084B4', 'C0DEED', 0, 'ktSCDMLaMlF8zcFoDMAbVMLQGbMSQejI8mM8KvNWR8g', NULL, 'http://www.galeradefortaleza.dahora.net', 0, 'Promotor de Eventos e Marcas. Proprietário do Melhor bloco de Fortaleza... Galeraaa!', '191916018', NULL, 0, '333333', -10800, '191916018-EMkIIYfDuzQ0RTChgW5WrsWFDef6Elyk0BZ53GId', 'C0DEED', 'Brasilia', 'LuiBaladaZ', 'http://a3.twimg.com/a/1296179758/images/themes/theme1/bg.png', 1248, 1269, 287, 'Palmas, Tocantins', 'http://a3.twimg.com/profile_images/1152282468/galera_normal.jpg', '2011-01-30 21:49:32')[0m
  [4;36;1mSQL (54.0ms)[0m   [0;1mCOMMIT[0m
  [4;35;1mSQL (0.0ms)[0m   [0mBEGIN[0m
  [4;36;1mTwitterAuth::GenericUser Load (32.0ms)[0m   [0;1mSELECT `users`.id FROM `users` WHERE (LOWER(`users`.`login`) = BINARY 'luibaladaz' AND `users`.id <> 2) LIMIT 1[0m
  [4;35;1mTwitterAuth::GenericUser Load (0.0ms)[0m   [0mSELECT `users`.id FROM `users` WHERE (`users`.`twitter_id` = BINARY '191916018' AND `users`.id <> 2) LIMIT 1[0m
  [4;36;1mTwitterAuth::GenericUser Load (1.0ms)[0m   [0;1mSELECT `users`.id FROM `users` WHERE (`users`.`remember_token` = BINARY '5b6b9b515c8451132225' AND `users`.id <> 2) LIMIT 1[0m
  [4;35;1mUser Update (43.0ms)[0m   [0mUPDATE `users` SET `remember_token_expires_at` = '2013-10-25 21:49:33', `remember_token` = '5b6b9b515c8451132225', `updated_at` = '2011-01-30 21:49:33' WHERE `id` = 2[0m
  [4;36;1mSQL (23.0ms)[0m   [0;1mCOMMIT[0m
Redirected to http://localhost:3000/
Completed in 6388ms (DB: 721) | 302 Found [http://localhost/oauth_callback?oauth_token=5zx0f2ghClLqSp8gEKHKIFdyOV9aUP2rguHfHGzys&oauth_verifier=BjyTfZ6OHKTnKuc6k5SIJI7nEXrkIWywA25BiC15XTI]
  [4;35;1mSQL (0.0ms)[0m   [0mSET NAMES 'utf8'[0m
  [4;36;1mSQL (0.0ms)[0m   [0;1mSET SQL_AUTO_IS_NULL=0[0m


Processing PromovesController#index (for 127.0.0.1 at 2011-01-30 18:49:45) [GET]
Rendering promoves/index
Completed in 132ms (View: 121, DB: 0) | 200 OK [http://localhost/promoves]
  [4;35;1mSQL (0.0ms)[0m   [0mSET NAMES 'utf8'[0m
  [4;36;1mSQL (1.0ms)[0m   [0;1mSET SQL_AUTO_IS_NULL=0[0m


Processing PromovesController#postar (for 127.0.0.1 at 2011-01-30 18:50:08) [POST]
  Parameters: {"commit"=>"Enviar Tweet com todos", "authenticity_token"=>"I8gwXtu9WommPs+837bN5cTY/+MOmijnUOKvbcWjks8=", "tweet"=>["@LuizCarvalho iae?", "@MuriciMaranhao oi gata!", "", "", ""]}
  [4;35;1mUser Columns (7.0ms)[0m   [0mSHOW FIELDS FROM `users`[0m
  [4;36;1mUser Load (1.0ms)[0m   [0;1mSELECT * FROM `users` [0m
  [4;35;1mCACHE (0.0ms)[0m   [0mSELECT * FROM `users` [0m

ActionView::MissingTemplate (Missing template promoves/postar.erb in view path app/views:vendor/plugins/twitter-auth/app/views):
  /script\server:3
  C:/intantrails/ruby/lib/ruby/gems/1.8/gems/ruby-debug-ide-0.4.5/lib/ruby-debug.rb:101:in `debug_load'
  C:/intantrails/ruby/lib/ruby/gems/1.8/gems/ruby-debug-ide-0.4.5/lib/ruby-debug.rb:101:in `debug_program'
  C:/intantrails/ruby/lib/ruby/gems/1.8/gems/ruby-debug-ide-0.4.5/bin/rdebug-ide:82
  C:/intantrails/ruby/bin/rdebug-ide:19:in `load'
  C:/intantrails/ruby/bin/rdebug-ide:19

Rendering rescues/layout (internal_server_error)
  [4;36;1mSQL (1.0ms)[0m   [0;1mSET NAMES 'utf8'[0m
  [4;35;1mSQL (0.0ms)[0m   [0mSET SQL_AUTO_IS_NULL=0[0m


Processing ApplicationController#index (for 127.0.0.1 at 2011-01-30 18:53:48) [POST]
  Parameters: {"commit"=>"Seguir com todos", "nick"=>["Tpicole", "DjversonLima", "", "", ""], "authenticity_token"=>"I8gwXtu9WommPs+837bN5cTY/+MOmijnUOKvbcWjks8="}

ActionController::RoutingError (No route matches "/seguir" with {:method=>:post}):
  /script\server:3
  C:/intantrails/ruby/lib/ruby/gems/1.8/gems/ruby-debug-ide-0.4.5/lib/ruby-debug.rb:101:in `debug_load'
  C:/intantrails/ruby/lib/ruby/gems/1.8/gems/ruby-debug-ide-0.4.5/lib/ruby-debug.rb:101:in `debug_program'
  C:/intantrails/ruby/lib/ruby/gems/1.8/gems/ruby-debug-ide-0.4.5/bin/rdebug-ide:82
  C:/intantrails/ruby/bin/rdebug-ide:19:in `load'
  C:/intantrails/ruby/bin/rdebug-ide:19

Rendering rescues/layout (not_found)
** TwitterAuth initialized properly.
  [4;36;1mSQL (0.0ms)[0m   [0;1mSET NAMES 'utf8'[0m
  [4;35;1mSQL (0.0ms)[0m   [0mSET SQL_AUTO_IS_NULL=0[0m


Processing PromovesController#seguir (for 127.0.0.1 at 2011-01-30 18:56:30) [POST]
  Parameters: {"commit"=>"Seguir com todos", "nick"=>["Tpicole", "DjversonLima", "", "", ""], "authenticity_token"=>"I8gwXtu9WommPs+837bN5cTY/+MOmijnUOKvbcWjks8="}
  [4;36;1mUser Columns (79.0ms)[0m   [0;1mSHOW FIELDS FROM `users`[0m
  [4;35;1mUser Load (1.0ms)[0m   [0mSELECT * FROM `users` [0m
  [4;36;1mCACHE (0.0ms)[0m   [0;1mSELECT * FROM `users` [0m

ActionView::MissingTemplate (Missing template promoves/seguir.erb in view path app/views:vendor/plugins/twitter-auth/app/views):
  /script\server:3
  C:/intantrails/ruby/lib/ruby/gems/1.8/gems/ruby-debug-ide-0.4.5/lib/ruby-debug.rb:101:in `debug_load'
  C:/intantrails/ruby/lib/ruby/gems/1.8/gems/ruby-debug-ide-0.4.5/lib/ruby-debug.rb:101:in `debug_program'
  C:/intantrails/ruby/lib/ruby/gems/1.8/gems/ruby-debug-ide-0.4.5/bin/rdebug-ide:82
  C:/intantrails/ruby/bin/rdebug-ide:19:in `load'
  C:/intantrails/ruby/bin/rdebug-ide:19

Rendering rescues/layout (internal_server_error)
  [4;35;1mSQL (0.0ms)[0m   [0mSET NAMES 'utf8'[0m
  [4;36;1mSQL (0.0ms)[0m   [0;1mSET SQL_AUTO_IS_NULL=0[0m


Processing PromovesController#seguir (for 127.0.0.1 at 2011-01-30 19:00:46) [POST]
  Parameters: {"commit"=>"Seguir com todos", "nick"=>["StolichnayaBR", "DjeversonLima", "ILove_Promo", "", ""], "authenticity_token"=>"I8gwXtu9WommPs+837bN5cTY/+MOmijnUOKvbcWjks8="}
  [4;35;1mUser Columns (6.0ms)[0m   [0mSHOW FIELDS FROM `users`[0m
  [4;36;1mUser Load (1.0ms)[0m   [0;1mSELECT * FROM `users` [0m
  [4;35;1mSQL (0.0ms)[0m   [0mSET NAMES 'utf8'[0m
  [4;36;1mSQL (0.0ms)[0m   [0;1mSET SQL_AUTO_IS_NULL=0[0m
  [4;35;1mSQL (42.0ms)[0m   [0mSHOW TABLES[0m
  [4;36;1mSQL (1.0ms)[0m   [0;1mSHOW TABLES[0m
  [4;35;1mSQL (1.0ms)[0m   [0mSHOW TABLES[0m
  [4;36;1mSQL (1.0ms)[0m   [0;1mSHOW TABLES[0m
  [4;35;1mSQL (1.0ms)[0m   [0mSHOW TABLES[0m
  [4;36;1mSQL (1.0ms)[0m   [0;1mSHOW TABLES[0m
  [4;35;1mCACHE (0.0ms)[0m   [0mSELECT * FROM `users` [0m
  [4;36;1mCACHE (0.0ms)[0m   [0;1mSELECT * FROM `users` [0m

ActionView::MissingTemplate (Missing template promoves/seguir.erb in view path app/views:vendor/plugins/twitter-auth/app/views):
  /script\server:3
  C:/intantrails/ruby/lib/ruby/gems/1.8/gems/ruby-debug-ide-0.4.5/lib/ruby-debug.rb:101:in `debug_load'
  C:/intantrails/ruby/lib/ruby/gems/1.8/gems/ruby-debug-ide-0.4.5/lib/ruby-debug.rb:101:in `debug_program'
  C:/intantrails/ruby/lib/ruby/gems/1.8/gems/ruby-debug-ide-0.4.5/bin/rdebug-ide:82
  C:/intantrails/ruby/bin/rdebug-ide:19:in `load'
  C:/intantrails/ruby/bin/rdebug-ide:19

Rendering rescues/layout (internal_server_error)
